<?xml version="1.0" encoding="UTF-8"?>
<!-- Generated by org.testng.reporters.JUnitReportReporter -->
<testsuite hostname="mirantisits-MacBook-Pro-6.local" name="myproject.ShoppingTestRunner" tests="1" failures="0" timestamp="5 Jan 2018 22:08:52 GMT" time="0.107" errors="0">
  <testcase name="feature" time="0.107" classname="myproject.ShoppingTestRunner"/>
</testsuite> <!-- myproject.ShoppingTestRunner -->
